<?xml version="1.0" encoding="UTF-8"?>
<coverage generated="1782396880939" clover="3.2.0">
  <project timestamp="1782396880941" name="All files">
    <metrics statements="19" coveredstatements="19" conditionals="16" coveredconditionals="16" methods="5" coveredmethods="5" elements="40" coveredelements="40" complexity="0" loc="19" ncloc="19" packages="1" files="1" classes="1"/>
    <file name="aiParser.ts" path="/data/data/com.termux/files/home/AgroVoice/client/src/utils/aiParser.ts">
      <metrics statements="19" coveredstatements="19" conditionals="16" coveredconditionals="16" methods="5" coveredmethods="5"/>
      <line num="3" count="1" type="stmt"/>
      <line num="5" count="1" type="stmt"/>
      <line num="6" count="5" type="stmt"/>
      <line num="8" count="5" type="cond" truecount="5" falsecount="0"/>
      <line num="9" count="1" type="stmt"/>
      <line num="12" count="4" type="cond" truecount="5" falsecount="0"/>
      <line num="13" count="1" type="stmt"/>
      <line num="16" count="3" type="stmt"/>
      <line num="19" count="1" type="stmt"/>
      <line num="20" count="5" type="stmt"/>
      <line num="21" count="5" type="cond" truecount="2" falsecount="0"/>
      <line num="24" count="1" type="stmt"/>
      <line num="25" count="5" type="stmt"/>
      <line num="26" count="14" type="cond" truecount="2" falsecount="0"/>
      <line num="29" count="1" type="stmt"/>
      <line num="30" count="6" type="stmt"/>
      <line num="32" count="6" type="cond" truecount="2" falsecount="0"/>
      <line num="33" count="1" type="stmt"/>
      <line num="36" count="5" type="stmt"/>
    </file>
  </project>
</coverage>
