{"/data/data/com.termux/files/home/AgroVoice/client/src/utils/aiParser.ts": {"path":"/data/data/com.termux/files/home/AgroVoice/client/src/utils/aiParser.ts","statementMap":{"0":{"start":{"line":3,"column":21},"end":{"line":3,"column":null}},"1":{"start":{"line":5,"column":18},"end":{"line":17,"column":null}},"2":{"start":{"line":6,"column":16},"end":{"line":6,"column":null}},"3":{"start":{"line":8,"column":2},"end":{"line":10,"column":null}},"4":{"start":{"line":9,"column":4},"end":{"line":9,"column":null}},"5":{"start":{"line":12,"column":2},"end":{"line":14,"column":null}},"6":{"start":{"line":13,"column":4},"end":{"line":13,"column":null}},"7":{"start":{"line":16,"column":2},"end":{"line":16,"column":null}},"8":{"start":{"line":19,"column":20},"end":{"line":22,"column":null}},"9":{"start":{"line":20,"column":16},"end":{"line":20,"column":null}},"10":{"start":{"line":21,"column":2},"end":{"line":21,"column":null}},"11":{"start":{"line":24,"column":18},"end":{"line":27,"column":null}},"12":{"start":{"line":25,"column":16},"end":{"line":25,"column":null}},"13":{"start":{"line":26,"column":2},"end":{"line":26,"column":null}},"14":{"start":{"line":26,"column":37},"end":{"line":26,"column":57}},"15":{"start":{"line":29,"column":32},"end":{"line":41,"column":null}},"16":{"start":{"line":30,"column":22},"end":{"line":30,"column":null}},"17":{"start":{"line":32,"column":2},"end":{"line":34,"column":null}},"18":{"start":{"line":33,"column":4},"end":{"line":33,"column":null}},"19":{"start":{"line":36,"column":2},"end":{"line":40,"column":null}}},"fnMap":{"0":{"name":"(anonymous_0)","decl":{"start":{"line":5,"column":18},"end":{"line":5,"column":19}},"loc":{"start":{"line":5,"column":45},"end":{"line":17,"column":null}},"line":5},"1":{"name":"(anonymous_1)","decl":{"start":{"line":19,"column":20},"end":{"line":19,"column":21}},"loc":{"start":{"line":19,"column":38},"end":{"line":22,"column":null}},"line":19},"2":{"name":"(anonymous_2)","decl":{"start":{"line":24,"column":18},"end":{"line":24,"column":19}},"loc":{"start":{"line":24,"column":36},"end":{"line":27,"column":null}},"line":24},"3":{"name":"(anonymous_3)","decl":{"start":{"line":26,"column":27},"end":{"line":26,"column":28}},"loc":{"start":{"line":26,"column":37},"end":{"line":26,"column":57}},"line":26},"4":{"name":"(anonymous_4)","decl":{"start":{"line":29,"column":32},"end":{"line":29,"column":39}},"loc":{"start":{"line":29,"column":56},"end":{"line":41,"column":null}},"line":29}},"branchMap":{"0":{"loc":{"start":{"line":8,"column":2},"end":{"line":10,"column":null}},"type":"if","locations":[{"start":{"line":8,"column":2},"end":{"line":10,"column":null}},{"start":{},"end":{}}],"line":8},"1":{"loc":{"start":{"line":8,"column":6},"end":{"line":8,"column":93}},"type":"binary-expr","locations":[{"start":{"line":8,"column":6},"end":{"line":8,"column":34}},{"start":{"line":8,"column":34},"end":{"line":8,"column":64}},{"start":{"line":8,"column":64},"end":{"line":8,"column":93}}],"line":8},"2":{"loc":{"start":{"line":12,"column":2},"end":{"line":14,"column":null}},"type":"if","locations":[{"start":{"line":12,"column":2},"end":{"line":14,"column":null}},{"start":{},"end":{}}],"line":12},"3":{"loc":{"start":{"line":12,"column":6},"end":{"line":12,"column":84}},"type":"binary-expr","locations":[{"start":{"line":12,"column":6},"end":{"line":12,"column":34}},{"start":{"line":12,"column":34},"end":{"line":12,"column":60}},{"start":{"line":12,"column":60},"end":{"line":12,"column":84}}],"line":12},"4":{"loc":{"start":{"line":21,"column":9},"end":{"line":21,"column":null}},"type":"cond-expr","locations":[{"start":{"line":21,"column":17},"end":{"line":21,"column":36}},{"start":{"line":21,"column":36},"end":{"line":21,"column":null}}],"line":21},"5":{"loc":{"start":{"line":26,"column":9},"end":{"line":26,"column":null}},"type":"binary-expr","locations":[{"start":{"line":26,"column":9},"end":{"line":26,"column":62}},{"start":{"line":26,"column":62},"end":{"line":26,"column":null}}],"line":26},"6":{"loc":{"start":{"line":32,"column":2},"end":{"line":34,"column":null}},"type":"if","locations":[{"start":{"line":32,"column":2},"end":{"line":34,"column":null}},{"start":{},"end":{}}],"line":32}},"s":{"0":1,"1":1,"2":5,"3":5,"4":1,"5":4,"6":1,"7":3,"8":1,"9":5,"10":5,"11":1,"12":5,"13":5,"14":14,"15":1,"16":6,"17":6,"18":1,"19":5},"f":{"0":5,"1":5,"2":5,"3":14,"4":6},"b":{"0":[1,4],"1":[5,4,4],"2":[1,3],"3":[4,4,3],"4":[4,1],"5":[5,1],"6":[1,5]},"meta":{"lastBranch":7,"lastFunction":5,"lastStatement":20,"seen":{"s:3:21:3:Infinity":0,"s:5:18:17:Infinity":1,"f:5:18:5:19":0,"s:6:16:6:Infinity":2,"b:8:2:10:Infinity:undefined:undefined:undefined:undefined":0,"s:8:2:10:Infinity":3,"b:8:6:8:34:8:34:8:64:8:64:8:93":1,"s:9:4:9:Infinity":4,"b:12:2:14:Infinity:undefined:undefined:undefined:undefined":2,"s:12:2:14:Infinity":5,"b:12:6:12:34:12:34:12:60:12:60:12:84":3,"s:13:4:13:Infinity":6,"s:16:2:16:Infinity":7,"s:19:20:22:Infinity":8,"f:19:20:19:21":1,"s:20:16:20:Infinity":9,"s:21:2:21:Infinity":10,"b:21:17:21:36:21:36:21:Infinity":4,"s:24:18:27:Infinity":11,"f:24:18:24:19":2,"s:25:16:25:Infinity":12,"s:26:2:26:Infinity":13,"b:26:9:26:62:26:62:26:Infinity":5,"f:26:27:26:28":3,"s:26:37:26:57":14,"s:29:32:41:Infinity":15,"f:29:32:29:39":4,"s:30:22:30:Infinity":16,"b:32:2:34:Infinity:undefined:undefined:undefined:undefined":6,"s:32:2:34:Infinity":17,"s:33:4:33:Infinity":18,"s:36:2:40:Infinity":19},"fnNames":{}}}
}
